<?xml version="1.0" encoding="UTF-8"?>
<coverage generated="1768795866987" clover="3.2.0">
  <project timestamp="1768795866987" name="All files">
    <metrics statements="109" coveredstatements="107" conditionals="33" coveredconditionals="33" methods="31" coveredmethods="30" elements="173" coveredelements="170" complexity="0" loc="109" ncloc="109" packages="3" files="4" classes="4"/>
    <package name="config">
      <metrics statements="11" coveredstatements="11" conditionals="13" coveredconditionals="13" methods="2" coveredmethods="2"/>
      <file name="discovery.config.ts" path="/Users/harry/Work/mufin/msq-relayer-service/packages/relayer-discovery/src/config/discovery.config.ts">
        <metrics statements="11" coveredstatements="11" conditionals="13" coveredconditionals="13" methods="2" coveredmethods="2"/>
        <line num="1" count="1" type="stmt"/>
        <line num="14" count="63" type="cond" truecount="3" falsecount="0"/>
        <line num="15" count="6" type="stmt"/>
        <line num="19" count="1" type="stmt"/>
        <line num="20" count="23" type="cond" truecount="2" falsecount="0"/>
        <line num="21" count="23" type="cond" truecount="2" falsecount="0"/>
        <line num="22" count="23" type="cond" truecount="2" falsecount="0"/>
        <line num="25" count="23" type="stmt"/>
        <line num="26" count="21" type="stmt"/>
        <line num="27" count="19" type="stmt"/>
        <line num="29" count="17" type="stmt"/>
      </file>
    </package>
    <package name="controllers">
      <metrics statements="6" coveredstatements="6" conditionals="0" coveredconditionals="0" methods="2" coveredmethods="2"/>
      <file name="status.controller.ts" path="/Users/harry/Work/mufin/msq-relayer-service/packages/relayer-discovery/src/controllers/status.controller.ts">
        <metrics statements="6" coveredstatements="6" conditionals="0" coveredconditionals="0" methods="2" coveredmethods="2"/>
        <line num="1" count="1" type="stmt"/>
        <line num="2" count="1" type="stmt"/>
        <line num="6" count="1" type="stmt"/>
        <line num="7" count="3" type="stmt"/>
        <line num="10" count="1" type="stmt"/>
        <line num="11" count="3" type="stmt"/>
      </file>
    </package>
    <package name="services">
      <metrics statements="92" coveredstatements="90" conditionals="20" coveredconditionals="20" methods="27" coveredmethods="26"/>
      <file name="discovery.service.ts" path="/Users/harry/Work/mufin/msq-relayer-service/packages/relayer-discovery/src/services/discovery.service.ts">
        <metrics statements="61" coveredstatements="61" conditionals="18" coveredconditionals="18" methods="16" coveredmethods="16"/>
        <line num="1" count="2" type="stmt"/>
        <line num="2" count="2" type="stmt"/>
        <line num="3" count="2" type="stmt"/>
        <line num="4" count="2" type="stmt"/>
        <line num="6" count="2" type="stmt"/>
        <line num="9" count="2" type="stmt"/>
        <line num="10" count="31" type="stmt"/>
        <line num="11" count="31" type="stmt"/>
        <line num="12" count="31" type="stmt"/>
        <line num="19" count="31" type="stmt"/>
        <line num="20" count="31" type="stmt"/>
        <line num="21" count="31" type="stmt"/>
        <line num="23" count="31" type="stmt"/>
        <line num="24" count="31" type="stmt"/>
        <line num="25" count="31" type="stmt"/>
        <line num="29" count="3" type="stmt"/>
        <line num="30" count="3" type="stmt"/>
        <line num="34" count="32" type="stmt"/>
        <line num="35" count="32" type="cond" truecount="1" falsecount="0"/>
        <line num="36" count="3" type="stmt"/>
        <line num="37" count="3" type="stmt"/>
        <line num="43" count="3" type="stmt"/>
        <line num="46" count="3" type="stmt"/>
        <line num="47" count="2" type="stmt"/>
        <line num="52" count="7" type="stmt"/>
        <line num="54" count="7" type="stmt"/>
        <line num="55" count="21" type="stmt"/>
        <line num="58" count="7" type="stmt"/>
        <line num="59" count="21" type="stmt"/>
        <line num="60" count="21" type="stmt"/>
        <line num="63" count="21" type="stmt"/>
        <line num="65" count="21" type="cond" truecount="4" falsecount="0"/>
        <line num="66" count="15" type="stmt"/>
        <line num="68" count="6" type="stmt"/>
        <line num="74" count="25" type="stmt"/>
        <line num="76" count="25" type="stmt"/>
        <line num="77" count="25" type="stmt"/>
        <line num="83" count="18" type="stmt"/>
        <line num="85" count="18" type="cond" truecount="2" falsecount="0"/>
        <line num="86" count="16" type="stmt"/>
        <line num="88" count="2" type="stmt"/>
        <line num="91" count="18" type="stmt"/>
        <line num="93" count="7" type="cond" truecount="3" falsecount="0"/>
        <line num="94" count="7" type="stmt"/>
        <line num="99" count="17" type="stmt"/>
        <line num="101" count="17" type="cond" truecount="1" falsecount="0"/>
        <line num="102" count="1" type="stmt"/>
        <line num="107" count="8" type="stmt"/>
        <line num="109" count="8" type="cond" truecount="1" falsecount="0"/>
        <line num="110" count="1" type="stmt"/>
        <line num="115" count="7" type="stmt"/>
        <line num="116" count="7" type="stmt"/>
        <line num="118" count="7" type="stmt"/>
        <line num="122" count="11" type="stmt"/>
        <line num="135" count="24" type="stmt"/>
        <line num="139" count="37" type="stmt"/>
        <line num="143" count="12" type="cond" truecount="2" falsecount="0"/>
        <line num="144" count="3" type="stmt"/>
        <line num="145" count="9" type="cond" truecount="2" falsecount="0"/>
        <line num="146" count="7" type="stmt"/>
        <line num="148" count="2" type="stmt"/>
      </file>
      <file name="redis.service.ts" path="/Users/harry/Work/mufin/msq-relayer-service/packages/relayer-discovery/src/services/redis.service.ts">
        <metrics statements="31" coveredstatements="29" conditionals="2" coveredconditionals="2" methods="11" coveredmethods="10"/>
        <line num="1" count="3" type="stmt"/>
        <line num="2" count="3" type="stmt"/>
        <line num="3" count="3" type="stmt"/>
        <line num="6" count="3" type="stmt"/>
        <line num="7" count="16" type="stmt"/>
        <line num="8" count="16" type="stmt"/>
        <line num="10" count="16" type="stmt"/>
        <line num="13" count="15" type="stmt"/>
        <line num="14" count="15" type="stmt"/>
        <line num="16" count="15" type="stmt"/>
        <line num="18" count="15" type="stmt"/>
        <line num="23" count="0" type="stmt"/>
        <line num="24" count="0" type="stmt"/>
        <line num="29" count="15" type="stmt"/>
        <line num="30" count="1" type="stmt"/>
        <line num="33" count="15" type="stmt"/>
        <line num="34" count="1" type="stmt"/>
        <line num="39" count="19" type="cond" truecount="1" falsecount="0"/>
        <line num="40" count="15" type="stmt"/>
        <line num="41" count="15" type="stmt"/>
        <line num="42" count="15" type="stmt"/>
        <line num="53" count="10" type="stmt"/>
        <line num="54" count="9" type="stmt"/>
        <line num="64" count="2" type="stmt"/>
        <line num="65" count="2" type="stmt"/>
        <line num="74" count="2" type="stmt"/>
        <line num="75" count="2" type="stmt"/>
        <line num="84" count="2" type="stmt"/>
        <line num="85" count="2" type="stmt"/>
        <line num="93" count="16" type="cond" truecount="1" falsecount="0"/>
        <line num="94" count="1" type="stmt"/>
      </file>
    </package>
  </project>
</coverage>
