{"/Users/harry/Work/mufin/msq-relayer-service/packages/relayer-discovery/src/config/discovery.config.ts": {"path":"/Users/harry/Work/mufin/msq-relayer-service/packages/relayer-discovery/src/config/discovery.config.ts","statementMap":{"0":{"start":{"line":1,"column":0},"end":{"line":1,"column":44}},"1":{"start":{"line":14,"column":2},"end":{"line":16,"column":3}},"2":{"start":{"line":15,"column":4},"end":{"line":15,"column":65}},"3":{"start":{"line":19,"column":0},"end":{"line":38,"column":3}},"4":{"start":{"line":20,"column":23},"end":{"line":20,"column":69}},"5":{"start":{"line":21,"column":30},"end":{"line":21,"column":91}},"6":{"start":{"line":22,"column":29},"end":{"line":22,"column":87}},"7":{"start":{"line":25,"column":2},"end":{"line":25,"column":54}},"8":{"start":{"line":26,"column":2},"end":{"line":26,"column":78}},"9":{"start":{"line":27,"column":2},"end":{"line":27,"column":74}},"10":{"start":{"line":29,"column":2},"end":{"line":37,"column":4}}},"fnMap":{"0":{"name":"validateRange","decl":{"start":{"line":13,"column":9},"end":{"line":13,"column":22}},"loc":{"start":{"line":13,"column":76},"end":{"line":17,"column":1}}},"1":{"name":"(anonymous_1)","decl":{"start":{"line":19,"column":39},"end":{"line":19,"column":59}},"loc":{"start":{"line":19,"column":61},"end":{"line":38,"column":1}}}},"branchMap":{"0":{"loc":{"start":{"line":14,"column":2},"end":{"line":16,"column":3}},"type":"if","locations":[{"start":{"line":14,"column":2},"end":{"line":16,"column":3}}]},"1":{"loc":{"start":{"line":14,"column":6},"end":{"line":14,"column":32}},"type":"binary-expr","locations":[{"start":{"line":14,"column":6},"end":{"line":14,"column":17}},{"start":{"line":14,"column":21},"end":{"line":14,"column":32}}]},"2":{"loc":{"start":{"line":20,"column":32},"end":{"line":20,"column":64}},"type":"binary-expr","locations":[{"start":{"line":20,"column":32},"end":{"line":20,"column":57}},{"start":{"line":20,"column":61},"end":{"line":20,"column":64}}]},"3":{"loc":{"start":{"line":21,"column":39},"end":{"line":21,"column":86}},"type":"binary-expr","locations":[{"start":{"line":21,"column":39},"end":{"line":21,"column":75}},{"start":{"line":21,"column":79},"end":{"line":21,"column":86}}]},"4":{"loc":{"start":{"line":22,"column":38},"end":{"line":22,"column":82}},"type":"binary-expr","locations":[{"start":{"line":22,"column":38},"end":{"line":22,"column":73}},{"start":{"line":22,"column":77},"end":{"line":22,"column":82}}]},"5":{"loc":{"start":{"line":34,"column":12},"end":{"line":34,"column":49}},"type":"binary-expr","locations":[{"start":{"line":34,"column":12},"end":{"line":34,"column":34}},{"start":{"line":34,"column":38},"end":{"line":34,"column":49}}]},"6":{"loc":{"start":{"line":35,"column":21},"end":{"line":35,"column":53}},"type":"binary-expr","locations":[{"start":{"line":35,"column":21},"end":{"line":35,"column":43}},{"start":{"line":35,"column":47},"end":{"line":35,"column":53}}]}},"s":{"0":1,"1":63,"2":6,"3":1,"4":23,"5":23,"6":23,"7":23,"8":21,"9":19,"10":17},"f":{"0":63,"1":23},"b":{"0":[6],"1":[63,60],"2":[23,17],"3":[23,17],"4":[23,17],"5":[17,15],"6":[17,15]}}
,"/Users/harry/Work/mufin/msq-relayer-service/packages/relayer-discovery/src/controllers/status.controller.ts": {"path":"/Users/harry/Work/mufin/msq-relayer-service/packages/relayer-discovery/src/controllers/status.controller.ts","statementMap":{"0":{"start":{"line":1,"column":0},"end":{"line":1,"column":49}},"1":{"start":{"line":2,"column":0},"end":{"line":2,"column":65}},"2":{"start":{"line":6,"column":7},"end":{"line":13,"column":null}},"3":{"start":{"line":7,"column":31},"end":{"line":7,"column":49}},"4":{"start":{"line":11,"column":4},"end":{"line":11,"column":45}},"5":{"start":{"line":6,"column":13},"end":{"line":6,"column":29}},"6":{"start":{"line":10,"column":8},"end":{"line":12,"column":null}},"7":{"start":{"line":6,"column":13},"end":{"line":13,"column":null}}},"fnMap":{"0":{"name":"(anonymous_2)","decl":{"start":{"line":7,"column":2},"end":{"line":7,"column":31}},"loc":{"start":{"line":7,"column":65},"end":{"line":7,"column":69}}},"1":{"name":"(anonymous_3)","decl":{"start":{"line":10,"column":2},"end":{"line":10,"column":7}},"loc":{"start":{"line":10,"column":17},"end":{"line":12,"column":3}}}},"branchMap":{},"s":{"0":1,"1":1,"2":1,"3":3,"4":3,"5":1,"6":1,"7":1},"f":{"0":3,"1":3},"b":{}}
,"/Users/harry/Work/mufin/msq-relayer-service/packages/relayer-discovery/src/services/discovery.service.ts": {"path":"/Users/harry/Work/mufin/msq-relayer-service/packages/relayer-discovery/src/services/discovery.service.ts","statementMap":{"0":{"start":{"line":1,"column":0},"end":{"line":1,"column":83}},"1":{"start":{"line":2,"column":0},"end":{"line":2,"column":47}},"2":{"start":{"line":3,"column":0},"end":{"line":3,"column":44}},"3":{"start":{"line":4,"column":0},"end":{"line":4,"column":47}},"4":{"start":{"line":6,"column":0},"end":{"line":6,"column":38}},"5":{"start":{"line":9,"column":29},"end":{"line":151,"column":null}},"6":{"start":{"line":10,"column":28},"end":{"line":10,"column":61}},"7":{"start":{"line":11,"column":44},"end":{"line":11,"column":48}},"8":{"start":{"line":12,"column":53},"end":{"line":12,"column":62}},"9":{"start":{"line":19,"column":21},"end":{"line":19,"column":35}},"10":{"start":{"line":20,"column":21},"end":{"line":20,"column":34}},"11":{"start":{"line":21,"column":21},"end":{"line":21,"column":36}},"12":{"start":{"line":23,"column":4},"end":{"line":23,"column":82}},"13":{"start":{"line":24,"column":4},"end":{"line":24,"column":96}},"14":{"start":{"line":25,"column":4},"end":{"line":25,"column":94}},"15":{"start":{"line":29,"column":4},"end":{"line":29,"column":53}},"16":{"start":{"line":30,"column":4},"end":{"line":30,"column":38}},"17":{"start":{"line":34,"column":4},"end":{"line":34,"column":54}},"18":{"start":{"line":35,"column":4},"end":{"line":38,"column":5}},"19":{"start":{"line":36,"column":6},"end":{"line":36,"column":35}},"20":{"start":{"line":37,"column":6},"end":{"line":37,"column":27}},"21":{"start":{"line":43,"column":4},"end":{"line":43,"column":37}},"22":{"start":{"line":46,"column":4},"end":{"line":48,"column":33}},"23":{"start":{"line":47,"column":6},"end":{"line":47,"column":39}},"24":{"start":{"line":52,"column":23},"end":{"line":52,"column":48}},"25":{"start":{"line":54,"column":20},"end":{"line":55,"column":null}},"26":{"start":{"line":55,"column":29},"end":{"line":55,"column":56}},"27":{"start":{"line":58,"column":4},"end":{"line":70,"column":5}},"28":{"start":{"line":58,"column":17},"end":{"line":58,"column":18}},"29":{"start":{"line":59,"column":24},"end":{"line":59,"column":37}},"30":{"start":{"line":60,"column":21},"end":{"line":60,"column":31}},"31":{"start":{"line":63,"column":6},"end":{"line":63,"column":72}},"32":{"start":{"line":65,"column":6},"end":{"line":69,"column":7}},"33":{"start":{"line":66,"column":8},"end":{"line":66,"column":47}},"34":{"start":{"line":68,"column":8},"end":{"line":68,"column":50}},"35":{"start":{"line":74,"column":16},"end":{"line":74,"column":50}},"36":{"start":{"line":76,"column":4},"end":{"line":95,"column":5}},"37":{"start":{"line":77,"column":23},"end":{"line":80,"column":null}},"38":{"start":{"line":83,"column":24},"end":{"line":83,"column":47}},"39":{"start":{"line":85,"column":6},"end":{"line":89,"column":7}},"40":{"start":{"line":86,"column":8},"end":{"line":86,"column":66}},"41":{"start":{"line":88,"column":8},"end":{"line":88,"column":90}},"42":{"start":{"line":91,"column":6},"end":{"line":91,"column":23}},"43":{"start":{"line":93,"column":6},"end":{"line":93,"column":114}},"44":{"start":{"line":94,"column":6},"end":{"line":94,"column":19}},"45":{"start":{"line":99,"column":19},"end":{"line":99,"column":76}},"46":{"start":{"line":101,"column":4},"end":{"line":103,"column":5}},"47":{"start":{"line":102,"column":6},"end":{"line":102,"column":59}},"48":{"start":{"line":107,"column":19},"end":{"line":107,"column":76}},"49":{"start":{"line":109,"column":4},"end":{"line":111,"column":5}},"50":{"start":{"line":110,"column":6},"end":{"line":110,"column":64}},"51":{"start":{"line":115,"column":29},"end":{"line":115,"column":79}},"52":{"start":{"line":116,"column":24},"end":{"line":116,"column":47}},"53":{"start":{"line":118,"column":4},"end":{"line":131,"column":6}},"54":{"start":{"line":122,"column":52},"end":{"line":127,"column":8}},"55":{"start":{"line":135,"column":4},"end":{"line":135,"column":82}},"56":{"start":{"line":135,"column":63},"end":{"line":135,"column":80}},"57":{"start":{"line":139,"column":4},"end":{"line":139,"column":45}},"58":{"start":{"line":143,"column":4},"end":{"line":149,"column":5}},"59":{"start":{"line":144,"column":6},"end":{"line":144,"column":23}},"60":{"start":{"line":145,"column":11},"end":{"line":149,"column":5}},"61":{"start":{"line":146,"column":6},"end":{"line":146,"column":24}},"62":{"start":{"line":148,"column":6},"end":{"line":148,"column":25}},"63":{"start":{"line":9,"column":13},"end":{"line":9,"column":29}},"64":{"start":{"line":9,"column":13},"end":{"line":151,"column":null}}},"fnMap":{"0":{"name":"(anonymous_2)","decl":{"start":{"line":18,"column":2},"end":{"line":18,"column":null}},"loc":{"start":{"line":21,"column":49},"end":{"line":26,"column":3}}},"1":{"name":"(anonymous_3)","decl":{"start":{"line":28,"column":2},"end":{"line":28,"column":7}},"loc":{"start":{"line":28,"column":20},"end":{"line":31,"column":3}}},"2":{"name":"(anonymous_4)","decl":{"start":{"line":33,"column":2},"end":{"line":33,"column":7}},"loc":{"start":{"line":33,"column":23},"end":{"line":39,"column":3}}},"3":{"name":"(anonymous_5)","decl":{"start":{"line":41,"column":10},"end":{"line":41,"column":15}},"loc":{"start":{"line":41,"column":36},"end":{"line":49,"column":3}}},"4":{"name":"(anonymous_6)","decl":{"start":{"line":46,"column":32},"end":{"line":46,"column":37}},"loc":{"start":{"line":46,"column":43},"end":{"line":48,"column":5}}},"5":{"name":"(anonymous_7)","decl":{"start":{"line":51,"column":10},"end":{"line":51,"column":15}},"loc":{"start":{"line":51,"column":35},"end":{"line":71,"column":3}}},"6":{"name":"(anonymous_8)","decl":{"start":{"line":55,"column":21},"end":{"line":55,"column":22}},"loc":{"start":{"line":55,"column":29},"end":{"line":55,"column":56}}},"7":{"name":"(anonymous_9)","decl":{"start":{"line":73,"column":10},"end":{"line":73,"column":15}},"loc":{"start":{"line":73,"column":52},"end":{"line":96,"column":3}}},"8":{"name":"(anonymous_10)","decl":{"start":{"line":98,"column":10},"end":{"line":98,"column":15}},"loc":{"start":{"line":98,"column":50},"end":{"line":104,"column":3}}},"9":{"name":"(anonymous_11)","decl":{"start":{"line":106,"column":10},"end":{"line":106,"column":15}},"loc":{"start":{"line":106,"column":53},"end":{"line":112,"column":3}}},"10":{"name":"(anonymous_12)","decl":{"start":{"line":114,"column":2},"end":{"line":114,"column":7}},"loc":{"start":{"line":114,"column":17},"end":{"line":132,"column":3}}},"11":{"name":"(anonymous_13)","decl":{"start":{"line":122,"column":43},"end":{"line":122,"column":44}},"loc":{"start":{"line":122,"column":52},"end":{"line":127,"column":8}}},"12":{"name":"(anonymous_14)","decl":{"start":{"line":134,"column":10},"end":{"line":134,"column":28}},"loc":{"start":{"line":134,"column":28},"end":{"line":136,"column":3}}},"13":{"name":"(anonymous_15)","decl":{"start":{"line":135,"column":53},"end":{"line":135,"column":54}},"loc":{"start":{"line":135,"column":63},"end":{"line":135,"column":80}}},"14":{"name":"(anonymous_16)","decl":{"start":{"line":138,"column":10},"end":{"line":138,"column":28}},"loc":{"start":{"line":138,"column":46},"end":{"line":140,"column":3}}},"15":{"name":"(anonymous_17)","decl":{"start":{"line":142,"column":10},"end":{"line":142,"column":32}},"loc":{"start":{"line":142,"column":52},"end":{"line":150,"column":3}}}},"branchMap":{"0":{"loc":{"start":{"line":35,"column":4},"end":{"line":38,"column":5}},"type":"if","locations":[{"start":{"line":35,"column":4},"end":{"line":38,"column":5}}]},"1":{"loc":{"start":{"line":65,"column":6},"end":{"line":69,"column":7}},"type":"if","locations":[{"start":{"line":65,"column":6},"end":{"line":69,"column":7}},{"start":{"line":67,"column":13},"end":{"line":69,"column":7}}]},"2":{"loc":{"start":{"line":65,"column":10},"end":{"line":65,"column":64}},"type":"binary-expr","locations":[{"start":{"line":65,"column":10},"end":{"line":65,"column":39}},{"start":{"line":65,"column":43},"end":{"line":65,"column":64}}]},"3":{"loc":{"start":{"line":85,"column":6},"end":{"line":89,"column":7}},"type":"if","locations":[{"start":{"line":85,"column":6},"end":{"line":89,"column":7}},{"start":{"line":87,"column":13},"end":{"line":89,"column":7}}]},"4":{"loc":{"start":{"line":93,"column":64},"end":{"line":93,"column":110}},"type":"binary-expr","locations":[{"start":{"line":93,"column":64},"end":{"line":93,"column":77}},{"start":{"line":93,"column":81},"end":{"line":93,"column":91}},{"start":{"line":93,"column":95},"end":{"line":93,"column":110}}]},"5":{"loc":{"start":{"line":101,"column":4},"end":{"line":103,"column":5}},"type":"if","locations":[{"start":{"line":101,"column":4},"end":{"line":103,"column":5}}]},"6":{"loc":{"start":{"line":109,"column":4},"end":{"line":111,"column":5}},"type":"if","locations":[{"start":{"line":109,"column":4},"end":{"line":111,"column":5}}]},"7":{"loc":{"start":{"line":125,"column":28},"end":{"line":125,"column":68}},"type":"binary-expr","locations":[{"start":{"line":125,"column":28},"end":{"line":125,"column":60}},{"start":{"line":125,"column":64},"end":{"line":125,"column":68}}]},"8":{"loc":{"start":{"line":143,"column":4},"end":{"line":149,"column":5}},"type":"if","locations":[{"start":{"line":143,"column":4},"end":{"line":149,"column":5}},{"start":{"line":145,"column":11},"end":{"line":149,"column":5}}]},"9":{"loc":{"start":{"line":145,"column":11},"end":{"line":149,"column":5}},"type":"if","locations":[{"start":{"line":145,"column":11},"end":{"line":149,"column":5}},{"start":{"line":147,"column":11},"end":{"line":149,"column":5}}]}},"s":{"0":2,"1":2,"2":2,"3":2,"4":2,"5":2,"6":31,"7":31,"8":31,"9":31,"10":31,"11":31,"12":31,"13":31,"14":31,"15":3,"16":3,"17":32,"18":32,"19":3,"20":3,"21":3,"22":3,"23":2,"24":7,"25":7,"26":21,"27":7,"28":7,"29":21,"30":21,"31":21,"32":21,"33":15,"34":6,"35":25,"36":25,"37":25,"38":18,"39":18,"40":16,"41":2,"42":18,"43":7,"44":7,"45":17,"46":17,"47":1,"48":8,"49":8,"50":1,"51":7,"52":7,"53":7,"54":11,"55":8,"56":24,"57":37,"58":12,"59":3,"60":9,"61":7,"62":2,"63":2,"64":2},"f":{"0":31,"1":3,"2":32,"3":3,"4":2,"5":7,"6":21,"7":25,"8":17,"9":8,"10":7,"11":11,"12":8,"13":24,"14":37,"15":12},"b":{"0":[3],"1":[15,6],"2":[21,21],"3":[16,2],"4":[7,2,1],"5":[1],"6":[1],"7":[11,10],"8":[3,9],"9":[7,2]}}
,"/Users/harry/Work/mufin/msq-relayer-service/packages/relayer-discovery/src/services/redis.service.ts": {"path":"/Users/harry/Work/mufin/msq-relayer-service/packages/relayer-discovery/src/services/redis.service.ts","statementMap":{"0":{"start":{"line":1,"column":0},"end":{"line":1,"column":83}},"1":{"start":{"line":2,"column":0},"end":{"line":2,"column":47}},"2":{"start":{"line":3,"column":0},"end":{"line":3,"column":28}},"3":{"start":{"line":6,"column":25},"end":{"line":97,"column":null}},"4":{"start":{"line":7,"column":28},"end":{"line":7,"column":57}},"5":{"start":{"line":8,"column":33},"end":{"line":8,"column":37}},"6":{"start":{"line":10,"column":31},"end":{"line":10,"column":46}},"7":{"start":{"line":13,"column":17},"end":{"line":13,"column":71}},"8":{"start":{"line":14,"column":17},"end":{"line":14,"column":71}},"9":{"start":{"line":16,"column":4},"end":{"line":16,"column":72}},"10":{"start":{"line":18,"column":4},"end":{"line":27,"column":7}},"11":{"start":{"line":23,"column":22},"end":{"line":23,"column":48}},"12":{"start":{"line":24,"column":8},"end":{"line":24,"column":21}},"13":{"start":{"line":29,"column":4},"end":{"line":31,"column":7}},"14":{"start":{"line":30,"column":6},"end":{"line":30,"column":68}},"15":{"start":{"line":33,"column":4},"end":{"line":35,"column":7}},"16":{"start":{"line":34,"column":6},"end":{"line":34,"column":54}},"17":{"start":{"line":39,"column":4},"end":{"line":43,"column":5}},"18":{"start":{"line":40,"column":6},"end":{"line":40,"column":50}},"19":{"start":{"line":41,"column":6},"end":{"line":41,"column":31}},"20":{"start":{"line":42,"column":6},"end":{"line":42,"column":25}},"21":{"start":{"line":53,"column":4},"end":{"line":53,"column":35}},"22":{"start":{"line":54,"column":4},"end":{"line":54,"column":42}},"23":{"start":{"line":64,"column":4},"end":{"line":64,"column":35}},"24":{"start":{"line":65,"column":4},"end":{"line":65,"column":42}},"25":{"start":{"line":74,"column":4},"end":{"line":74,"column":35}},"26":{"start":{"line":75,"column":4},"end":{"line":75,"column":38}},"27":{"start":{"line":84,"column":4},"end":{"line":84,"column":35}},"28":{"start":{"line":85,"column":4},"end":{"line":85,"column":35}},"29":{"start":{"line":93,"column":4},"end":{"line":95,"column":5}},"30":{"start":{"line":94,"column":6},"end":{"line":94,"column":82}},"31":{"start":{"line":6,"column":13},"end":{"line":6,"column":25}},"32":{"start":{"line":6,"column":13},"end":{"line":97,"column":null}}},"fnMap":{"0":{"name":"(anonymous_3)","decl":{"start":{"line":10,"column":2},"end":{"line":10,"column":31}},"loc":{"start":{"line":10,"column":59},"end":{"line":10,"column":63}}},"1":{"name":"(anonymous_4)","decl":{"start":{"line":12,"column":2},"end":{"line":12,"column":7}},"loc":{"start":{"line":12,"column":20},"end":{"line":36,"column":3}}},"2":{"name":"(anonymous_5)","decl":{"start":{"line":22,"column":21},"end":{"line":22,"column":22}},"loc":{"start":{"line":22,"column":31},"end":{"line":25,"column":7}}},"3":{"name":"(anonymous_6)","decl":{"start":{"line":29,"column":28},"end":{"line":29,"column":29}},"loc":{"start":{"line":29,"column":38},"end":{"line":31,"column":5}}},"4":{"name":"(anonymous_7)","decl":{"start":{"line":33,"column":30},"end":{"line":33,"column":33}},"loc":{"start":{"line":33,"column":35},"end":{"line":35,"column":5}}},"5":{"name":"(anonymous_8)","decl":{"start":{"line":38,"column":2},"end":{"line":38,"column":7}},"loc":{"start":{"line":38,"column":23},"end":{"line":44,"column":3}}},"6":{"name":"(anonymous_9)","decl":{"start":{"line":52,"column":2},"end":{"line":52,"column":7}},"loc":{"start":{"line":52,"column":40},"end":{"line":55,"column":3}}},"7":{"name":"(anonymous_10)","decl":{"start":{"line":63,"column":2},"end":{"line":63,"column":7}},"loc":{"start":{"line":63,"column":40},"end":{"line":66,"column":3}}},"8":{"name":"(anonymous_11)","decl":{"start":{"line":73,"column":2},"end":{"line":73,"column":7}},"loc":{"start":{"line":73,"column":28},"end":{"line":76,"column":3}}},"9":{"name":"(anonymous_12)","decl":{"start":{"line":83,"column":2},"end":{"line":83,"column":7}},"loc":{"start":{"line":83,"column":25},"end":{"line":86,"column":3}}},"10":{"name":"(anonymous_13)","decl":{"start":{"line":92,"column":10},"end":{"line":92,"column":33}},"loc":{"start":{"line":92,"column":33},"end":{"line":96,"column":3}}}},"branchMap":{"0":{"loc":{"start":{"line":39,"column":4},"end":{"line":43,"column":5}},"type":"if","locations":[{"start":{"line":39,"column":4},"end":{"line":43,"column":5}}]},"1":{"loc":{"start":{"line":93,"column":4},"end":{"line":95,"column":5}},"type":"if","locations":[{"start":{"line":93,"column":4},"end":{"line":95,"column":5}}]}},"s":{"0":3,"1":3,"2":3,"3":3,"4":16,"5":16,"6":16,"7":15,"8":15,"9":15,"10":15,"11":0,"12":0,"13":15,"14":1,"15":15,"16":1,"17":19,"18":15,"19":15,"20":15,"21":10,"22":9,"23":2,"24":2,"25":2,"26":2,"27":2,"28":2,"29":16,"30":1,"31":3,"32":3},"f":{"0":16,"1":15,"2":0,"3":1,"4":1,"5":19,"6":10,"7":2,"8":2,"9":2,"10":16},"b":{"0":[15],"1":[1]}}
}
