TN:
SF:src/config/discovery.config.ts
FN:13,validateRange
FN:19,(anonymous_1)
FNF:2
FNH:2
FNDA:63,validateRange
FNDA:23,(anonymous_1)
DA:1,1
DA:14,63
DA:15,6
DA:19,1
DA:20,23
DA:21,23
DA:22,23
DA:25,23
DA:26,21
DA:27,19
DA:29,17
LF:11
LH:11
BRDA:14,0,0,6
BRDA:14,1,0,63
BRDA:14,1,1,60
BRDA:20,2,0,23
BRDA:20,2,1,17
BRDA:21,3,0,23
BRDA:21,3,1,17
BRDA:22,4,0,23
BRDA:22,4,1,17
BRDA:34,5,0,17
BRDA:34,5,1,15
BRDA:35,6,0,17
BRDA:35,6,1,15
BRF:13
BRH:13
end_of_record
TN:
SF:src/controllers/status.controller.ts
FN:7,(anonymous_2)
FN:10,(anonymous_3)
FNF:2
FNH:2
FNDA:3,(anonymous_2)
FNDA:3,(anonymous_3)
DA:1,1
DA:2,1
DA:6,1
DA:7,3
DA:10,1
DA:11,3
LF:6
LH:6
BRF:0
BRH:0
end_of_record
TN:
SF:src/services/discovery.service.ts
FN:18,(anonymous_2)
FN:28,(anonymous_3)
FN:33,(anonymous_4)
FN:41,(anonymous_5)
FN:46,(anonymous_6)
FN:51,(anonymous_7)
FN:55,(anonymous_8)
FN:73,(anonymous_9)
FN:98,(anonymous_10)
FN:106,(anonymous_11)
FN:114,(anonymous_12)
FN:122,(anonymous_13)
FN:134,(anonymous_14)
FN:135,(anonymous_15)
FN:138,(anonymous_16)
FN:142,(anonymous_17)
FNF:16
FNH:16
FNDA:31,(anonymous_2)
FNDA:3,(anonymous_3)
FNDA:32,(anonymous_4)
FNDA:3,(anonymous_5)
FNDA:2,(anonymous_6)
FNDA:7,(anonymous_7)
FNDA:21,(anonymous_8)
FNDA:25,(anonymous_9)
FNDA:17,(anonymous_10)
FNDA:8,(anonymous_11)
FNDA:7,(anonymous_12)
FNDA:11,(anonymous_13)
FNDA:8,(anonymous_14)
FNDA:24,(anonymous_15)
FNDA:37,(anonymous_16)
FNDA:12,(anonymous_17)
DA:1,2
DA:2,2
DA:3,2
DA:4,2
DA:6,2
DA:9,2
DA:10,31
DA:11,31
DA:12,31
DA:19,31
DA:20,31
DA:21,31
DA:23,31
DA:24,31
DA:25,31
DA:29,3
DA:30,3
DA:34,32
DA:35,32
DA:36,3
DA:37,3
DA:43,3
DA:46,3
DA:47,2
DA:52,7
DA:54,7
DA:55,21
DA:58,7
DA:59,21
DA:60,21
DA:63,21
DA:65,21
DA:66,15
DA:68,6
DA:74,25
DA:76,25
DA:77,25
DA:83,18
DA:85,18
DA:86,16
DA:88,2
DA:91,18
DA:93,7
DA:94,7
DA:99,17
DA:101,17
DA:102,1
DA:107,8
DA:109,8
DA:110,1
DA:115,7
DA:116,7
DA:118,7
DA:122,11
DA:135,24
DA:139,37
DA:143,12
DA:144,3
DA:145,9
DA:146,7
DA:148,2
LF:61
LH:61
BRDA:35,0,0,3
BRDA:65,1,0,15
BRDA:65,1,1,6
BRDA:65,2,0,21
BRDA:65,2,1,21
BRDA:85,3,0,16
BRDA:85,3,1,2
BRDA:93,4,0,7
BRDA:93,4,1,2
BRDA:93,4,2,1
BRDA:101,5,0,1
BRDA:109,6,0,1
BRDA:125,7,0,11
BRDA:125,7,1,10
BRDA:143,8,0,3
BRDA:143,8,1,9
BRDA:145,9,0,7
BRDA:145,9,1,2
BRF:18
BRH:18
end_of_record
TN:
SF:src/services/redis.service.ts
FN:10,(anonymous_3)
FN:12,(anonymous_4)
FN:22,(anonymous_5)
FN:29,(anonymous_6)
FN:33,(anonymous_7)
FN:38,(anonymous_8)
FN:52,(anonymous_9)
FN:63,(anonymous_10)
FN:73,(anonymous_11)
FN:83,(anonymous_12)
FN:92,(anonymous_13)
FNF:11
FNH:10
FNDA:16,(anonymous_3)
FNDA:15,(anonymous_4)
FNDA:0,(anonymous_5)
FNDA:1,(anonymous_6)
FNDA:1,(anonymous_7)
FNDA:19,(anonymous_8)
FNDA:10,(anonymous_9)
FNDA:2,(anonymous_10)
FNDA:2,(anonymous_11)
FNDA:2,(anonymous_12)
FNDA:16,(anonymous_13)
DA:1,3
DA:2,3
DA:3,3
DA:6,3
DA:7,16
DA:8,16
DA:10,16
DA:13,15
DA:14,15
DA:16,15
DA:18,15
DA:23,0
DA:24,0
DA:29,15
DA:30,1
DA:33,15
DA:34,1
DA:39,19
DA:40,15
DA:41,15
DA:42,15
DA:53,10
DA:54,9
DA:64,2
DA:65,2
DA:74,2
DA:75,2
DA:84,2
DA:85,2
DA:93,16
DA:94,1
LF:31
LH:29
BRDA:39,0,0,15
BRDA:93,1,0,1
BRF:2
BRH:2
end_of_record
